<?xml version="1.0" encoding="UTF-8"?>
<!-- Generated by org.testng.reporters.JUnitReportReporter -->
<<<<<<< HEAD
<testsuite hostname="mc-s104436.local" name="main.java.test.smpMainTest.SMPAndroidLiveSimulcast" tests="6" failures="0" timestamp="17 May 2017 15:19:13 GMT" time="143.814" errors="0">
  <testcase name="PlaybackContinues" time="91.648" classname="main.java.test.smpMainTest.SMPAndroidLiveSimulcast"/>
  <testcase name="OpenAvtest" time="10.393" classname="main.java.test.smpMainTest.SMPAndroidLiveSimulcast"/>
  <testcase name="PlaybackStart" time="8.407" classname="main.java.test.smpMainTest.SMPAndroidLiveSimulcast"/>
  <testcase name="liveSimulcast_Assertions_Present" time="12.894" classname="main.java.test.smpMainTest.SMPAndroidLiveSimulcast"/>
  <testcase name="LiveplaybackStop" time="11.318" classname="main.java.test.smpMainTest.SMPAndroidLiveSimulcast"/>
  <testcase name="liveSimulcast_Assertions_NotPresent" time="9.154" classname="main.java.test.smpMainTest.SMPAndroidLiveSimulcast"/>
=======
<testsuite hostname="mc-s104436.local" name="main.java.test.smpMainTest.SMPAndroidLiveSimulcast" tests="7" failures="0" timestamp="26 Jul 2017 14:39:13 GMT" time="5.807" errors="7">
  <testcase name="OpenAvtest" time="5.807" classname="main.java.test.smpMainTest.SMPAndroidLiveSimulcast">
    <error type="org.openqa.selenium.NoSuchElementException" message="Can&#039;t locate an element by this strategy: Locator map: 
- native content: &quot;By.xpath: //android.widget.TextView[@text=&#039;Enable Live Rewind&#039;]&quot; 
- html content: &quot;by id or name &quot;liverewind_button&quot;&quot;
For documentation on this error, please visit: http://seleniumhq.org/exceptions/no_such_element.html
Build info: version: &#039;2.51.0&#039;, revision: &#039;1af067d&#039;, time: &#039;2016-02-05 19:15:17&#039;
System info: host: &#039;mc-s104436.local&#039;, ip: &#039;10.10.4.76&#039;, os.name: &#039;Mac OS X&#039;, os.arch: &#039;x86_64&#039;, os.version: &#039;10.11.6&#039;, java.version: &#039;1.8.0_102&#039;
Driver info: driver.version: unknown">
      <![CDATA[org.openqa.selenium.NoSuchElementException: Can't locate an element by this strategy: Locator map: 
- native content: "By.xpath: //android.widget.TextView[@text='Enable Live Rewind']" 
- html content: "by id or name "liverewind_button""
For documentation on this error, please visit: http://seleniumhq.org/exceptions/no_such_element.html
Build info: version: '2.51.0', revision: '1af067d', time: '2016-02-05 19:15:17'
System info: host: 'mc-s104436.local', ip: '10.10.4.76', os.name: 'Mac OS X', os.arch: 'x86_64', os.version: '10.11.6', java.version: '1.8.0_102'
Driver info: driver.version: unknown
	at io.appium.java_client.pagefactory.AppiumElementLocator.findElement(AppiumElementLocator.java:110)
	at io.appium.java_client.pagefactory.interceptors.InterceptorOfASingleElement.intercept(InterceptorOfASingleElement.java:57)
	at io.appium.java_client.android.AndroidElement$$EnhancerByCGLIB$$29ddd03c.click(<generated>)
	at main.java.test.smpMainTest.SMPAndroidLiveSimulcast.OpenAvtest(SMPAndroidLiveSimulcast.java:116)
	at sun.reflect.NativeMethodAccessorImpl.invoke0(Native Method)
	at sun.reflect.NativeMethodAccessorImpl.invoke(NativeMethodAccessorImpl.java:62)
	at sun.reflect.DelegatingMethodAccessorImpl.invoke(DelegatingMethodAccessorImpl.java:43)
	at java.lang.reflect.Method.invoke(Method.java:498)
	at org.testng.internal.MethodInvocationHelper.invokeMethod(MethodInvocationHelper.java:85)
	at org.testng.internal.Invoker.invokeMethod(Invoker.java:639)
	at org.testng.internal.Invoker.invokeTestMethod(Invoker.java:816)
	at org.testng.internal.Invoker.invokeTestMethods(Invoker.java:1124)
	at org.testng.internal.TestMethodWorker.invokeTestMethods(TestMethodWorker.java:125)
	at org.testng.internal.TestMethodWorker.run(TestMethodWorker.java:108)
	at org.testng.TestRunner.privateRun(TestRunner.java:774)
	at org.testng.TestRunner.run(TestRunner.java:624)
	at org.testng.SuiteRunner.runTest(SuiteRunner.java:359)
	at org.testng.SuiteRunner.runSequentially(SuiteRunner.java:354)
	at org.testng.SuiteRunner.privateRun(SuiteRunner.java:312)
	at org.testng.SuiteRunner.run(SuiteRunner.java:261)
	at org.testng.SuiteRunnerWorker.runSuite(SuiteRunnerWorker.java:52)
	at org.testng.SuiteRunnerWorker.run(SuiteRunnerWorker.java:86)
	at org.testng.TestNG.runSuitesSequentially(TestNG.java:1215)
	at org.testng.TestNG.runSuitesLocally(TestNG.java:1140)
	at org.testng.TestNG.run(TestNG.java:1048)
	at org.testng.remote.AbstractRemoteTestNG.run(AbstractRemoteTestNG.java:132)
	at org.testng.remote.RemoteTestNG.initAndRun(RemoteTestNG.java:236)
	at org.testng.remote.RemoteTestNG.main(RemoteTestNG.java:81)
]]>
    </error>
  </testcase> <!-- OpenAvtest -->
  <testcase name="PlaybackStart" time="0.000" classname="main.java.test.smpMainTest.SMPAndroidLiveSimulcast">
    <error type="java.lang.Throwable" message="Method SMPAndroidLiveSimulcast.PlaybackStart()[pri:0, instance:main.java.test.smpMainTest.SMPAndroidLiveSimulcast@32709393] depends on not successfully finished methods">
      <![CDATA[java.lang.Throwable: Method SMPAndroidLiveSimulcast.PlaybackStart()[pri:0, instance:main.java.test.smpMainTest.SMPAndroidLiveSimulcast@32709393] depends on not successfully finished methods
	at org.testng.internal.Invoker.invokeTestMethods(Invoker.java:1033)
	at org.testng.internal.TestMethodWorker.invokeTestMethods(TestMethodWorker.java:125)
	at org.testng.internal.TestMethodWorker.run(TestMethodWorker.java:108)
	at org.testng.TestRunner.privateRun(TestRunner.java:774)
	at org.testng.TestRunner.run(TestRunner.java:624)
	at org.testng.SuiteRunner.runTest(SuiteRunner.java:359)
	at org.testng.SuiteRunner.runSequentially(SuiteRunner.java:354)
	at org.testng.SuiteRunner.privateRun(SuiteRunner.java:312)
	at org.testng.SuiteRunner.run(SuiteRunner.java:261)
	at org.testng.SuiteRunnerWorker.runSuite(SuiteRunnerWorker.java:52)
	at org.testng.SuiteRunnerWorker.run(SuiteRunnerWorker.java:86)
	at org.testng.TestNG.runSuitesSequentially(TestNG.java:1215)
	at org.testng.TestNG.runSuitesLocally(TestNG.java:1140)
	at org.testng.TestNG.run(TestNG.java:1048)
	at org.testng.remote.AbstractRemoteTestNG.run(AbstractRemoteTestNG.java:132)
	at org.testng.remote.RemoteTestNG.initAndRun(RemoteTestNG.java:236)
	at org.testng.remote.RemoteTestNG.main(RemoteTestNG.java:81)
]]>
    </error>
  </testcase> <!-- PlaybackStart -->
  <testcase name="liveSimulcast_Assertions_Present" time="0.000" classname="main.java.test.smpMainTest.SMPAndroidLiveSimulcast">
    <error type="java.lang.Throwable" message="Method SMPAndroidLiveSimulcast.liveSimulcast_Assertions_Present()[pri:0, instance:main.java.test.smpMainTest.SMPAndroidLiveSimulcast@32709393] depends on not successfully finished methods">
      <![CDATA[java.lang.Throwable: Method SMPAndroidLiveSimulcast.liveSimulcast_Assertions_Present()[pri:0, instance:main.java.test.smpMainTest.SMPAndroidLiveSimulcast@32709393] depends on not successfully finished methods
	at org.testng.internal.Invoker.invokeTestMethods(Invoker.java:1033)
	at org.testng.internal.TestMethodWorker.invokeTestMethods(TestMethodWorker.java:125)
	at org.testng.internal.TestMethodWorker.run(TestMethodWorker.java:108)
	at org.testng.TestRunner.privateRun(TestRunner.java:774)
	at org.testng.TestRunner.run(TestRunner.java:624)
	at org.testng.SuiteRunner.runTest(SuiteRunner.java:359)
	at org.testng.SuiteRunner.runSequentially(SuiteRunner.java:354)
	at org.testng.SuiteRunner.privateRun(SuiteRunner.java:312)
	at org.testng.SuiteRunner.run(SuiteRunner.java:261)
	at org.testng.SuiteRunnerWorker.runSuite(SuiteRunnerWorker.java:52)
	at org.testng.SuiteRunnerWorker.run(SuiteRunnerWorker.java:86)
	at org.testng.TestNG.runSuitesSequentially(TestNG.java:1215)
	at org.testng.TestNG.runSuitesLocally(TestNG.java:1140)
	at org.testng.TestNG.run(TestNG.java:1048)
	at org.testng.remote.AbstractRemoteTestNG.run(AbstractRemoteTestNG.java:132)
	at org.testng.remote.RemoteTestNG.initAndRun(RemoteTestNG.java:236)
	at org.testng.remote.RemoteTestNG.main(RemoteTestNG.java:81)
]]>
    </error>
  </testcase> <!-- liveSimulcast_Assertions_Present -->
  <testcase name="PlaybackContinues" time="0.000" classname="main.java.test.smpMainTest.SMPAndroidLiveSimulcast">
    <error type="java.lang.Throwable" message="Method SMPAndroidLiveSimulcast.PlaybackContinues()[pri:0, instance:main.java.test.smpMainTest.SMPAndroidLiveSimulcast@32709393] depends on not successfully finished methods">
      <![CDATA[java.lang.Throwable: Method SMPAndroidLiveSimulcast.PlaybackContinues()[pri:0, instance:main.java.test.smpMainTest.SMPAndroidLiveSimulcast@32709393] depends on not successfully finished methods
	at org.testng.internal.Invoker.invokeTestMethods(Invoker.java:1033)
	at org.testng.internal.TestMethodWorker.invokeTestMethods(TestMethodWorker.java:125)
	at org.testng.internal.TestMethodWorker.run(TestMethodWorker.java:108)
	at org.testng.TestRunner.privateRun(TestRunner.java:774)
	at org.testng.TestRunner.run(TestRunner.java:624)
	at org.testng.SuiteRunner.runTest(SuiteRunner.java:359)
	at org.testng.SuiteRunner.runSequentially(SuiteRunner.java:354)
	at org.testng.SuiteRunner.privateRun(SuiteRunner.java:312)
	at org.testng.SuiteRunner.run(SuiteRunner.java:261)
	at org.testng.SuiteRunnerWorker.runSuite(SuiteRunnerWorker.java:52)
	at org.testng.SuiteRunnerWorker.run(SuiteRunnerWorker.java:86)
	at org.testng.TestNG.runSuitesSequentially(TestNG.java:1215)
	at org.testng.TestNG.runSuitesLocally(TestNG.java:1140)
	at org.testng.TestNG.run(TestNG.java:1048)
	at org.testng.remote.AbstractRemoteTestNG.run(AbstractRemoteTestNG.java:132)
	at org.testng.remote.RemoteTestNG.initAndRun(RemoteTestNG.java:236)
	at org.testng.remote.RemoteTestNG.main(RemoteTestNG.java:81)
]]>
    </error>
  </testcase> <!-- PlaybackContinues -->
  <testcase name="LiveplaybackStop" time="0.000" classname="main.java.test.smpMainTest.SMPAndroidLiveSimulcast">
    <error type="java.lang.Throwable" message="Method SMPAndroidLiveSimulcast.LiveplaybackStop()[pri:0, instance:main.java.test.smpMainTest.SMPAndroidLiveSimulcast@32709393] depends on not successfully finished methods">
      <![CDATA[java.lang.Throwable: Method SMPAndroidLiveSimulcast.LiveplaybackStop()[pri:0, instance:main.java.test.smpMainTest.SMPAndroidLiveSimulcast@32709393] depends on not successfully finished methods
	at org.testng.internal.Invoker.invokeTestMethods(Invoker.java:1033)
	at org.testng.internal.TestMethodWorker.invokeTestMethods(TestMethodWorker.java:125)
	at org.testng.internal.TestMethodWorker.run(TestMethodWorker.java:108)
	at org.testng.TestRunner.privateRun(TestRunner.java:774)
	at org.testng.TestRunner.run(TestRunner.java:624)
	at org.testng.SuiteRunner.runTest(SuiteRunner.java:359)
	at org.testng.SuiteRunner.runSequentially(SuiteRunner.java:354)
	at org.testng.SuiteRunner.privateRun(SuiteRunner.java:312)
	at org.testng.SuiteRunner.run(SuiteRunner.java:261)
	at org.testng.SuiteRunnerWorker.runSuite(SuiteRunnerWorker.java:52)
	at org.testng.SuiteRunnerWorker.run(SuiteRunnerWorker.java:86)
	at org.testng.TestNG.runSuitesSequentially(TestNG.java:1215)
	at org.testng.TestNG.runSuitesLocally(TestNG.java:1140)
	at org.testng.TestNG.run(TestNG.java:1048)
	at org.testng.remote.AbstractRemoteTestNG.run(AbstractRemoteTestNG.java:132)
	at org.testng.remote.RemoteTestNG.initAndRun(RemoteTestNG.java:236)
	at org.testng.remote.RemoteTestNG.main(RemoteTestNG.java:81)
]]>
    </error>
  </testcase> <!-- LiveplaybackStop -->
  <testcase name="enableRDot" time="0.000" classname="main.java.test.smpMainTest.SMPAndroidLiveSimulcast">
    <error type="java.lang.Throwable" message="Method SMPAndroidLiveSimulcast.enableRDot()[pri:0, instance:main.java.test.smpMainTest.SMPAndroidLiveSimulcast@32709393] depends on not successfully finished methods">
      <![CDATA[java.lang.Throwable: Method SMPAndroidLiveSimulcast.enableRDot()[pri:0, instance:main.java.test.smpMainTest.SMPAndroidLiveSimulcast@32709393] depends on not successfully finished methods
	at org.testng.internal.Invoker.invokeTestMethods(Invoker.java:1033)
	at org.testng.internal.TestMethodWorker.invokeTestMethods(TestMethodWorker.java:125)
	at org.testng.internal.TestMethodWorker.run(TestMethodWorker.java:108)
	at org.testng.TestRunner.privateRun(TestRunner.java:774)
	at org.testng.TestRunner.run(TestRunner.java:624)
	at org.testng.SuiteRunner.runTest(SuiteRunner.java:359)
	at org.testng.SuiteRunner.runSequentially(SuiteRunner.java:354)
	at org.testng.SuiteRunner.privateRun(SuiteRunner.java:312)
	at org.testng.SuiteRunner.run(SuiteRunner.java:261)
	at org.testng.SuiteRunnerWorker.runSuite(SuiteRunnerWorker.java:52)
	at org.testng.SuiteRunnerWorker.run(SuiteRunnerWorker.java:86)
	at org.testng.TestNG.runSuitesSequentially(TestNG.java:1215)
	at org.testng.TestNG.runSuitesLocally(TestNG.java:1140)
	at org.testng.TestNG.run(TestNG.java:1048)
	at org.testng.remote.AbstractRemoteTestNG.run(AbstractRemoteTestNG.java:132)
	at org.testng.remote.RemoteTestNG.initAndRun(RemoteTestNG.java:236)
	at org.testng.remote.RemoteTestNG.main(RemoteTestNG.java:81)
]]>
    </error>
  </testcase> <!-- enableRDot -->
  <testcase name="liveSimulcast_Assertions_NotPresent" time="0.000" classname="main.java.test.smpMainTest.SMPAndroidLiveSimulcast">
    <error type="java.lang.Throwable" message="Method SMPAndroidLiveSimulcast.liveSimulcast_Assertions_NotPresent()[pri:0, instance:main.java.test.smpMainTest.SMPAndroidLiveSimulcast@32709393] depends on not successfully finished methods">
      <![CDATA[java.lang.Throwable: Method SMPAndroidLiveSimulcast.liveSimulcast_Assertions_NotPresent()[pri:0, instance:main.java.test.smpMainTest.SMPAndroidLiveSimulcast@32709393] depends on not successfully finished methods
	at org.testng.internal.Invoker.invokeTestMethods(Invoker.java:1033)
	at org.testng.internal.TestMethodWorker.invokeTestMethods(TestMethodWorker.java:125)
	at org.testng.internal.TestMethodWorker.run(TestMethodWorker.java:108)
	at org.testng.TestRunner.privateRun(TestRunner.java:774)
	at org.testng.TestRunner.run(TestRunner.java:624)
	at org.testng.SuiteRunner.runTest(SuiteRunner.java:359)
	at org.testng.SuiteRunner.runSequentially(SuiteRunner.java:354)
	at org.testng.SuiteRunner.privateRun(SuiteRunner.java:312)
	at org.testng.SuiteRunner.run(SuiteRunner.java:261)
	at org.testng.SuiteRunnerWorker.runSuite(SuiteRunnerWorker.java:52)
	at org.testng.SuiteRunnerWorker.run(SuiteRunnerWorker.java:86)
	at org.testng.TestNG.runSuitesSequentially(TestNG.java:1215)
	at org.testng.TestNG.runSuitesLocally(TestNG.java:1140)
	at org.testng.TestNG.run(TestNG.java:1048)
	at org.testng.remote.AbstractRemoteTestNG.run(AbstractRemoteTestNG.java:132)
	at org.testng.remote.RemoteTestNG.initAndRun(RemoteTestNG.java:236)
	at org.testng.remote.RemoteTestNG.main(RemoteTestNG.java:81)
]]>
    </error>
  </testcase> <!-- liveSimulcast_Assertions_NotPresent -->
>>>>>>> DRM-AN
</testsuite> <!-- main.java.test.smpMainTest.SMPAndroidLiveSimulcast -->
