<?xml version="1.0" encoding="UTF-8"?>
<!-- Generated by org.testng.reporters.JUnitReportReporter -->
<testsuite hostname="mc-s104436.local" name="main.java.test.smpMainTest.SMPAndroidLiveSimulcast" tests="6" failures="0" timestamp="17 May 2017 11:40:18 GMT" time="141.403" errors="0">
  <testcase name="PlaybackStart" time="8.271" classname="main.java.test.smpMainTest.SMPAndroidLiveSimulcast"/>
  <testcase name="liveSimulcast_Assertions_NotPresent" time="10.129" classname="main.java.test.smpMainTest.SMPAndroidLiveSimulcast"/>
  <testcase name="LiveplaybackStop" time="11.588" classname="main.java.test.smpMainTest.SMPAndroidLiveSimulcast"/>
  <testcase name="OpenAvtest" time="9.693" classname="main.java.test.smpMainTest.SMPAndroidLiveSimulcast"/>
  <testcase name="PlaybackContinues" time="95.014" classname="main.java.test.smpMainTest.SMPAndroidLiveSimulcast"/>
  <testcase name="liveSimulcast_Assertions_Present" time="6.708" classname="main.java.test.smpMainTest.SMPAndroidLiveSimulcast"/>
</testsuite> <!-- main.java.test.smpMainTest.SMPAndroidLiveSimulcast -->
