<?xml version="1.0" encoding="UTF-8"?>
<!-- Generated by org.testng.reporters.JUnitReportReporter -->
<testsuite hostname="mc-s104436.local" name="main.java.test.smpMainTest.SMPiOSOnDemand_VideoPlayback" tests="9" failures="0" timestamp="9 Jun 2017 15:50:42 GMT" time="152.630" errors="0">
  <testcase name="OnDemand_PlaybackStop" time="3.916" classname="main.java.test.smpMainTest.SMPiOSOnDemand_VideoPlayback"/>
  <testcase name="OpenAvtest" time="8.491" classname="main.java.test.smpMainTest.SMPiOSOnDemand_VideoPlayback"/>
  <testcase name="turnOnSubtitle_Seeking" time="15.184" classname="main.java.test.smpMainTest.SMPiOSOnDemand_VideoPlayback"/>
  <testcase name="ClosePlayback" time="3.472" classname="main.java.test.smpMainTest.SMPiOSOnDemand_VideoPlayback"/>
  <testcase name="Seeking" time="12.812" classname="main.java.test.smpMainTest.SMPiOSOnDemand_VideoPlayback"/>
  <testcase name="TurnWiFi_ON" time="38.695" classname="main.java.test.smpMainTest.SMPiOSOnDemand_VideoPlayback"/>
  <testcase name="OnDemand_PlaybackStart" time="8.190" classname="main.java.test.smpMainTest.SMPiOSOnDemand_VideoPlayback"/>
  <testcase name="playback_ErrorMessage" time="30.194" classname="main.java.test.smpMainTest.SMPiOSOnDemand_VideoPlayback"/>
  <testcase name="Turn_WiFiOff" time="31.676" classname="main.java.test.smpMainTest.SMPiOSOnDemand_VideoPlayback"/>
</testsuite> <!-- main.java.test.smpMainTest.SMPiOSOnDemand_VideoPlayback -->
