<?xml version="1.0" encoding="UTF-8"?>
<!-- Generated by org.testng.reporters.JUnitReportReporter -->
<testsuite hostname="mc-s104436.local" name="main.java.test.smpMainTest.SMPParallelExecution" tests="2" failures="0" timestamp="2 Apr 2017 10:58:58 GMT" time="587.444" errors="0">
  <testcase name="OpenAvtest" time="0.020" classname="main.java.test.smpMainTest.SMPParallelExecution"/>
  <testcase name="getAllDetails" time="587.424" classname="main.java.test.smpMainTest.SMPParallelExecution"/>
</testsuite> <!-- main.java.test.smpMainTest.SMPParallelExecution -->
