<?xml version="1.0" encoding="UTF-8"?>
<!-- Generated by org.testng.reporters.JUnitReportReporter -->
<testsuite hostname="mc-s104436.local" name="main.java.test.smpMainTest.SMPAndroidLiveRewindPlayback" tests="9" failures="0" timestamp="26 Jun 2017 11:43:05 GMT" time="281.508" errors="0">
  <testcase name="liveRewind_Assertions" time="7.725" classname="main.java.test.smpMainTest.SMPAndroidLiveRewindPlayback"/>
  <testcase name="LiveRewindplaybackpause" time="9.192" classname="main.java.test.smpMainTest.SMPAndroidLiveRewindPlayback"/>
  <testcase name="PlaybackStart" time="8.900" classname="main.java.test.smpMainTest.SMPAndroidLiveRewindPlayback"/>
  <testcase name="PlaybackContinues" time="108.692" classname="main.java.test.smpMainTest.SMPAndroidLiveRewindPlayback"/>
  <testcase name="LiveRewindplaybackresume" time="43.543" classname="main.java.test.smpMainTest.SMPAndroidLiveRewindPlayback"/>
  <testcase name="enableRDot_live" time="14.200" classname="main.java.test.smpMainTest.SMPAndroidLiveRewindPlayback"/>
  <testcase name="playbackseeking_backard_forward" time="29.693" classname="main.java.test.smpMainTest.SMPAndroidLiveRewindPlayback"/>
  <testcase name="seeking_randomly" time="58.713" classname="main.java.test.smpMainTest.SMPAndroidLiveRewindPlayback"/>
  <testcase name="OpenAvtest" time="0.850" classname="main.java.test.smpMainTest.SMPAndroidLiveRewindPlayback"/>
</testsuite> <!-- main.java.test.smpMainTest.SMPAndroidLiveRewindPlayback -->
