<?xml version="1.0" encoding="UTF-8"?>
<!-- Generated by org.testng.reporters.JUnitReportReporter -->
<testsuite hostname="mc-s104436.local" name="main.java.test.smpMainTest.SMPAndroidLiveRewindPlayback" tests="8" failures="0" timestamp="17 May 2017 15:19:13 GMT" time="268.767" errors="0">
  <testcase name="playbackseeking_backard_forward" time="26.136" classname="main.java.test.smpMainTest.SMPAndroidLiveRewindPlayback"/>
  <testcase name="liveRewind_Assertions" time="7.009" classname="main.java.test.smpMainTest.SMPAndroidLiveRewindPlayback"/>
  <testcase name="LiveRewindplaybackresume" time="37.810" classname="main.java.test.smpMainTest.SMPAndroidLiveRewindPlayback"/>
  <testcase name="OpenAvtest" time="8.523" classname="main.java.test.smpMainTest.SMPAndroidLiveRewindPlayback"/>
  <testcase name="PlaybackStart" time="8.216" classname="main.java.test.smpMainTest.SMPAndroidLiveRewindPlayback"/>
  <testcase name="LiveRewindplaybackpause" time="7.046" classname="main.java.test.smpMainTest.SMPAndroidLiveRewindPlayback"/>
  <testcase name="seeking_randomly" time="51.616" classname="main.java.test.smpMainTest.SMPAndroidLiveRewindPlayback"/>
  <testcase name="PlaybackContinues" time="122.411" classname="main.java.test.smpMainTest.SMPAndroidLiveRewindPlayback"/>
</testsuite> <!-- main.java.test.smpMainTest.SMPAndroidLiveRewindPlayback -->
