<?xml version="1.0" encoding="UTF-8"?>
<!-- Generated by org.testng.reporters.JUnitReportReporter -->
<testsuite hostname="mc-s104436.local" name="main.java.test.smpMainTest.iOSLiveSimulcastPlayback" tests="8" failures="0" timestamp="26 May 2017 15:27:24 GMT" time="162.560" errors="0">
  <testcase name="turnWifiOff" time="50.654" classname="main.java.test.smpMainTest.iOSLiveSimulcastPlayback"/>
  <testcase name="playback_ErrorMessage" time="6.347" classname="main.java.test.smpMainTest.iOSLiveSimulcastPlayback"/>
  <testcase name="PlaybackStart" time="5.606" classname="main.java.test.smpMainTest.iOSLiveSimulcastPlayback"/>
  <testcase name="StopPlayback" time="9.258" classname="main.java.test.smpMainTest.iOSLiveSimulcastPlayback"/>
  <testcase name="TurnWiFi_ON" time="63.200" classname="main.java.test.smpMainTest.iOSLiveSimulcastPlayback"/>
  <testcase name="ClosePlayback" time="4.842" classname="main.java.test.smpMainTest.iOSLiveSimulcastPlayback"/>
  <testcase name="OpenAvtest" time="10.203" classname="main.java.test.smpMainTest.iOSLiveSimulcastPlayback"/>
  <testcase name="PlaybackRotation" time="12.450" classname="main.java.test.smpMainTest.iOSLiveSimulcastPlayback"/>
</testsuite> <!-- main.java.test.smpMainTest.iOSLiveSimulcastPlayback -->
