<?xml version="1.0" encoding="UTF-8"?>
<!-- Generated by org.testng.reporters.JUnitReportReporter -->
<testsuite hostname="mc-s104436.local"
	name="main.java.test.smpMainTest.LiveRewindPlayback" tests="8"
	failures="0" timestamp="7 Apr 2017 10:54:23 GMT" time="289.409" errors="0">
	<testcase name="playbackseeking_backard_forward" time="25.832"
		classname="main.java.test.smpMainTest.LiveRewindPlayback" />
	<testcase name="LiveRewindplaybackresume" time="31.388"
		classname="main.java.test.smpMainTest.LiveRewindPlayback" />
	<testcase name="seeking_randomly" time="52.040"
		classname="main.java.test.smpMainTest.LiveRewindPlayback" />
	<testcase name="LiveRewindplaybackpause" time="5.650"
		classname="main.java.test.smpMainTest.LiveRewindPlayback" />
	<testcase name="OpenAvtest" time="8.457"
		classname="main.java.test.smpMainTest.LiveRewindPlayback" />
	<testcase name="PlaybackStart" time="8.855"
		classname="main.java.test.smpMainTest.LiveRewindPlayback" />
	<testcase name="PlaybackContinues" time="151.794"
		classname="main.java.test.smpMainTest.LiveRewindPlayback" />
	<testcase name="liveRewind_Assertions" time="5.393"
		classname="main.java.test.smpMainTest.LiveRewindPlayback" />
</testsuite> <!-- main.java.test.smpMainTest.LiveRewindPlayback -->
