<?xml version="1.0" encoding="UTF-8"?>
<!-- Generated by org.testng.reporters.JUnitReportReporter -->
<testsuite hostname="mc-s104436.local" name="main.java.test.smpMainTest.SMPAndroidOnDemandAudioPlayback" tests="10" failures="0" timestamp="27 Jul 2017 09:59:42 GMT" time="429.959" errors="0">
  <testcase name="PlaybackRotation" time="14.771" classname="main.java.test.smpMainTest.SMPAndroidOnDemandAudioPlayback"/>
  <testcase name="Playback_SeektoEnd" time="13.213" classname="main.java.test.smpMainTest.SMPAndroidOnDemandAudioPlayback"/>
  <testcase name="audioPlayback" time="11.452" classname="main.java.test.smpMainTest.SMPAndroidOnDemandAudioPlayback"/>
  <testcase name="playbackseeking" time="47.200" classname="main.java.test.smpMainTest.SMPAndroidOnDemandAudioPlayback"/>
  <testcase name="CheckPlayback_retry" time="177.159" classname="main.java.test.smpMainTest.SMPAndroidOnDemandAudioPlayback"/>
  <testcase name="openVpidBrowser" time="76.924" classname="main.java.test.smpMainTest.SMPAndroidOnDemandAudioPlayback"/>
  <testcase name="OpenAvtest" time="8.893" classname="main.java.test.smpMainTest.SMPAndroidOnDemandAudioPlayback"/>
  <testcase name="audioPlaying" time="52.946" classname="main.java.test.smpMainTest.SMPAndroidOnDemandAudioPlayback"/>
  <testcase name="playback_resume" time="18.393" classname="main.java.test.smpMainTest.SMPAndroidOnDemandAudioPlayback"/>
  <testcase name="playback_pause" time="9.008" classname="main.java.test.smpMainTest.SMPAndroidOnDemandAudioPlayback"/>
</testsuite> <!-- main.java.test.smpMainTest.SMPAndroidOnDemandAudioPlayback -->
