<?xml version="1.0" encoding="UTF-8"?>
<!-- Generated by org.testng.reporters.JUnitReportReporter -->
<testsuite hostname="mc-s104436.local" name="main.java.test.smpMainTest.SMPAndroidOnDemandAudioPlayback" tests="10" failures="0" timestamp="26 Jun 2017 11:19:15 GMT" time="563.941" errors="0">
  <testcase name="openVpidBrowser" time="187.376" classname="main.java.test.smpMainTest.SMPAndroidOnDemandAudioPlayback"/>
  <testcase name="playbackseeking" time="55.857" classname="main.java.test.smpMainTest.SMPAndroidOnDemandAudioPlayback"/>
  <testcase name="audioPlaying" time="46.957" classname="main.java.test.smpMainTest.SMPAndroidOnDemandAudioPlayback"/>
  <testcase name="Playback_SeektoEnd" time="15.029" classname="main.java.test.smpMainTest.SMPAndroidOnDemandAudioPlayback"/>
  <testcase name="PlaybackRotation" time="21.495" classname="main.java.test.smpMainTest.SMPAndroidOnDemandAudioPlayback"/>
  <testcase name="CheckPlayback_retry" time="182.132" classname="main.java.test.smpMainTest.SMPAndroidOnDemandAudioPlayback"/>
  <testcase name="playback_resume" time="22.438" classname="main.java.test.smpMainTest.SMPAndroidOnDemandAudioPlayback"/>
  <testcase name="OpenAvtest" time="5.702" classname="main.java.test.smpMainTest.SMPAndroidOnDemandAudioPlayback"/>
  <testcase name="audioPlayback" time="16.167" classname="main.java.test.smpMainTest.SMPAndroidOnDemandAudioPlayback"/>
  <testcase name="playback_pause" time="10.788" classname="main.java.test.smpMainTest.SMPAndroidOnDemandAudioPlayback"/>
</testsuite> <!-- main.java.test.smpMainTest.SMPAndroidOnDemandAudioPlayback -->
