<?xml version="1.0" encoding="UTF-8"?>
<!-- Generated by org.testng.reporters.JUnitReportReporter -->
<testsuite hostname="mc-s104436.local" name="main.java.test.smpMainTest.SMPAndroidLiveSimulcast" tests="6" failures="0" timestamp="17 May 2017 15:19:13 GMT" time="143.814" errors="0">
  <testcase name="PlaybackContinues" time="91.648" classname="main.java.test.smpMainTest.SMPAndroidLiveSimulcast"/>
  <testcase name="OpenAvtest" time="10.393" classname="main.java.test.smpMainTest.SMPAndroidLiveSimulcast"/>
  <testcase name="PlaybackStart" time="8.407" classname="main.java.test.smpMainTest.SMPAndroidLiveSimulcast"/>
  <testcase name="liveSimulcast_Assertions_Present" time="12.894" classname="main.java.test.smpMainTest.SMPAndroidLiveSimulcast"/>
  <testcase name="LiveplaybackStop" time="11.318" classname="main.java.test.smpMainTest.SMPAndroidLiveSimulcast"/>
  <testcase name="liveSimulcast_Assertions_NotPresent" time="9.154" classname="main.java.test.smpMainTest.SMPAndroidLiveSimulcast"/>
</testsuite> <!-- main.java.test.smpMainTest.SMPAndroidLiveSimulcast -->
