<?xml version="1.0" encoding="UTF-8"?>
<!-- Generated by org.testng.reporters.JUnitReportReporter -->
<testsuite hostname="mc-s104436.local" name="main.java.test.smpMainTest.SMPAndroidParallelExecution" tests="2" failures="0" timestamp="17 May 2017 16:25:24 GMT" time="559.350" errors="0">
  <testcase name="OpenAvtest" time="0.020" classname="main.java.test.smpMainTest.SMPAndroidParallelExecution"/>
  <testcase name="getAllDetails" time="559.330" classname="main.java.test.smpMainTest.SMPAndroidParallelExecution"/>
</testsuite> <!-- main.java.test.smpMainTest.SMPAndroidParallelExecution -->
