<?xml version="1.0" encoding="UTF-8"?>
<!-- Generated by org.testng.reporters.JUnitReportReporter -->
<testsuite hostname="mc-s104436.local" name="main.java.test.smpMainTest.SMPAndroidOnDemandVideoPlayback" tests="10" failures="0" timestamp="17 May 2017 15:19:13 GMT" time="497.650" errors="0">
  <testcase name="Playback_retry" time="110.834" classname="main.java.test.smpMainTest.SMPAndroidOnDemandVideoPlayback"/>
  <testcase name="playback_pause" time="10.556" classname="main.java.test.smpMainTest.SMPAndroidOnDemandVideoPlayback"/>
  <testcase name="OpenAvtest" time="0.970" classname="main.java.test.smpMainTest.SMPAndroidOnDemandVideoPlayback"/>
  <testcase name="playback_resume" time="31.520" classname="main.java.test.smpMainTest.SMPAndroidOnDemandVideoPlayback"/>
  <testcase name="vpideoPlayback" time="18.528" classname="main.java.test.smpMainTest.SMPAndroidOnDemandVideoPlayback"/>
  <testcase name="PlaybackRotation" time="18.141" classname="main.java.test.smpMainTest.SMPAndroidOnDemandVideoPlayback"/>
  <testcase name="videoPlaying" time="80.809" classname="main.java.test.smpMainTest.SMPAndroidOnDemandVideoPlayback"/>
  <testcase name="playbackseeking" time="56.171" classname="main.java.test.smpMainTest.SMPAndroidOnDemandVideoPlayback"/>
  <testcase name="Playback_SeektoEnd" time="14.622" classname="main.java.test.smpMainTest.SMPAndroidOnDemandVideoPlayback"/>
  <testcase name="videoSelector" time="155.499" classname="main.java.test.smpMainTest.SMPAndroidOnDemandVideoPlayback"/>
</testsuite> <!-- main.java.test.smpMainTest.SMPAndroidOnDemandVideoPlayback -->
