<?xml version="1.0" encoding="UTF-8"?>
<!-- Generated by org.testng.reporters.JUnitReportReporter -->
<testsuite hostname="mc-s104436.local" name="SMPANPUMA.PUMATest.SMP_AN_Puma" tests="11" failures="0" timestamp="11 Aug 2017 14:12:46 GMT" time="434.734" errors="0">
  <testcase name="Play_VideoOnDemand" time="166.747" classname="SMPANPUMA.PUMATest.SMP_AN_Puma"/>
  <testcase name="setUp" time="16.145" classname="SMPANPUMA.PUMATest.SMP_AN_Puma"/>
  <testcase name="OpenAvtest" time="1.468" classname="SMPANPUMA.PUMATest.SMP_AN_Puma"/>
  <testcase name="getDeviceDetails" time="0.006" classname="SMPANPUMA.PUMATest.SMP_AN_Puma"/>
  <testcase name="Play_AudioOnDemand" time="55.083" classname="SMPANPUMA.PUMATest.SMP_AN_Puma"/>
  <testcase name="Pause_AudiooOnDemand" time="25.256" classname="SMPANPUMA.PUMATest.SMP_AN_Puma"/>
  <testcase name="CheckingPlayback_VOD" time="75.821" classname="SMPANPUMA.PUMATest.SMP_AN_Puma"/>
  <testcase name="TurningSubtilte_ON" time="5.796" classname="SMPANPUMA.PUMATest.SMP_AN_Puma"/>
  <testcase name="CheckingPlayback_AOD" time="57.873" classname="SMPANPUMA.PUMATest.SMP_AN_Puma"/>
  <testcase name="TurningSubtilte_OFF" time="2.862" classname="SMPANPUMA.PUMATest.SMP_AN_Puma"/>
  <testcase name="Pause_VideoOnDemand" time="27.677" classname="SMPANPUMA.PUMATest.SMP_AN_Puma"/>
</testsuite> <!-- SMPANPUMA.PUMATest.SMP_AN_Puma -->
