<?xml version="1.0" encoding="UTF-8"?>
<!-- Generated by org.testng.reporters.JUnitReportReporter -->
<<<<<<< HEAD
<<<<<<< HEAD
<testsuite hostname="mc-s104436.local" name="main.java.test.smpMainTest.SMPAndroidOnDemandVideoPlayback" tests="10" failures="0" timestamp="26 Jun 2017 11:05:59 GMT" time="495.083" errors="0">
  <testcase name="Playback_retry" time="101.889" classname="main.java.test.smpMainTest.SMPAndroidOnDemandVideoPlayback"/>
  <testcase name="playback_resume" time="34.838" classname="main.java.test.smpMainTest.SMPAndroidOnDemandVideoPlayback"/>
  <testcase name="vpideoPlayback" time="20.696" classname="main.java.test.smpMainTest.SMPAndroidOnDemandVideoPlayback"/>
  <testcase name="openVpidBrowser" time="153.623" classname="main.java.test.smpMainTest.SMPAndroidOnDemandVideoPlayback"/>
  <testcase name="PlaybackRotation" time="25.212" classname="main.java.test.smpMainTest.SMPAndroidOnDemandVideoPlayback"/>
  <testcase name="playbackseeking" time="61.502" classname="main.java.test.smpMainTest.SMPAndroidOnDemandVideoPlayback"/>
  <testcase name="videoPlaying" time="65.419" classname="main.java.test.smpMainTest.SMPAndroidOnDemandVideoPlayback"/>
  <testcase name="Playback_SeektoEnd" time="15.682" classname="main.java.test.smpMainTest.SMPAndroidOnDemandVideoPlayback"/>
  <testcase name="OpenAvtest" time="5.486" classname="main.java.test.smpMainTest.SMPAndroidOnDemandVideoPlayback"/>
  <testcase name="playback_pause" time="10.736" classname="main.java.test.smpMainTest.SMPAndroidOnDemandVideoPlayback"/>
=======
<testsuite hostname="mc-s104436.local" name="main.java.test.smpMainTest.SMPAndroidOnDemandVideoPlayback" tests="10" failures="0" timestamp="17 May 2017 15:19:13 GMT" time="497.650" errors="0">
  <testcase name="Playback_retry" time="110.834" classname="main.java.test.smpMainTest.SMPAndroidOnDemandVideoPlayback"/>
  <testcase name="playback_pause" time="10.556" classname="main.java.test.smpMainTest.SMPAndroidOnDemandVideoPlayback"/>
  <testcase name="OpenAvtest" time="0.970" classname="main.java.test.smpMainTest.SMPAndroidOnDemandVideoPlayback"/>
  <testcase name="playback_resume" time="31.520" classname="main.java.test.smpMainTest.SMPAndroidOnDemandVideoPlayback"/>
  <testcase name="vpideoPlayback" time="18.528" classname="main.java.test.smpMainTest.SMPAndroidOnDemandVideoPlayback"/>
  <testcase name="PlaybackRotation" time="18.141" classname="main.java.test.smpMainTest.SMPAndroidOnDemandVideoPlayback"/>
  <testcase name="videoPlaying" time="80.809" classname="main.java.test.smpMainTest.SMPAndroidOnDemandVideoPlayback"/>
  <testcase name="playbackseeking" time="56.171" classname="main.java.test.smpMainTest.SMPAndroidOnDemandVideoPlayback"/>
  <testcase name="Playback_SeektoEnd" time="14.622" classname="main.java.test.smpMainTest.SMPAndroidOnDemandVideoPlayback"/>
  <testcase name="videoSelector" time="155.499" classname="main.java.test.smpMainTest.SMPAndroidOnDemandVideoPlayback"/>
>>>>>>> SMP-AN
=======
<testsuite hostname="mc-s104436.local" name="main.java.test.smpMainTest.SMPAndroidOnDemandVideoPlayback" tests="10" failures="0" timestamp="27 Jul 2017 09:59:42 GMT" time="340.594" errors="0">
  <testcase name="Playback_SeektoEnd" time="13.155" classname="main.java.test.smpMainTest.SMPAndroidOnDemandVideoPlayback"/>
  <testcase name="playbackseeking" time="50.070" classname="main.java.test.smpMainTest.SMPAndroidOnDemandVideoPlayback"/>
  <testcase name="vpideoPlayback" time="16.800" classname="main.java.test.smpMainTest.SMPAndroidOnDemandVideoPlayback"/>
  <testcase name="PlaybackRotation" time="15.795" classname="main.java.test.smpMainTest.SMPAndroidOnDemandVideoPlayback"/>
  <testcase name="OpenAvtest" time="9.841" classname="main.java.test.smpMainTest.SMPAndroidOnDemandVideoPlayback"/>
  <testcase name="openVpidBrowser" time="60.282" classname="main.java.test.smpMainTest.SMPAndroidOnDemandVideoPlayback"/>
  <testcase name="videoPlaying" time="53.069" classname="main.java.test.smpMainTest.SMPAndroidOnDemandVideoPlayback"/>
  <testcase name="playback_resume" time="27.314" classname="main.java.test.smpMainTest.SMPAndroidOnDemandVideoPlayback"/>
  <testcase name="Playback_retry" time="84.918" classname="main.java.test.smpMainTest.SMPAndroidOnDemandVideoPlayback"/>
  <testcase name="playback_pause" time="9.350" classname="main.java.test.smpMainTest.SMPAndroidOnDemandVideoPlayback"/>
>>>>>>> DRM-AN
</testsuite> <!-- main.java.test.smpMainTest.SMPAndroidOnDemandVideoPlayback -->
