<?xml version="1.0" encoding="UTF-8"?>
<!-- Generated by org.testng.reporters.JUnitReportReporter -->
<testsuite hostname="mc-s104436.local" name="main.java.test.smpMainTest.SMPParallelExecution" tests="2" failures="0" timestamp="16 May 2017 16:01:18 GMT" time="12.628" errors="0">
  <testcase name="OpenAvtest" time="0.020" classname="main.java.test.smpMainTest.SMPParallelExecution"/>
  <testcase name="getAllDetails" time="12.608" classname="main.java.test.smpMainTest.SMPParallelExecution"/>
</testsuite> <!-- main.java.test.smpMainTest.SMPParallelExecution -->
