<?xml version="1.0" encoding="UTF-8"?>
<!-- Generated by org.testng.reporters.JUnitReportReporter -->
<testsuite hostname="mc-s104436.local" name="main.java.test.smpMainTest.SMPParallelExecution" tests="2" failures="0" timestamp="16 May 2017 14:35:20 GMT" time="1036.470" errors="0">
  <testcase name="OpenAvtest" time="0.021" classname="main.java.test.smpMainTest.SMPParallelExecution"/>
  <testcase name="getAllDetails" time="1036.449" classname="main.java.test.smpMainTest.SMPParallelExecution"/>
</testsuite> <!-- main.java.test.smpMainTest.SMPParallelExecution -->
