<?xml version="1.0" encoding="UTF-8"?>
<!-- Generated by org.testng.reporters.JUnitReportReporter -->
<<<<<<< HEAD
<<<<<<< HEAD
<testsuite hostname="mc-s104436.local" name="main.java.test.smpMainTest.SMPAndroidLiveRewindPlayback" tests="9" failures="0" timestamp="26 Jun 2017 11:43:05 GMT" time="281.508" errors="0">
  <testcase name="liveRewind_Assertions" time="7.725" classname="main.java.test.smpMainTest.SMPAndroidLiveRewindPlayback"/>
  <testcase name="LiveRewindplaybackpause" time="9.192" classname="main.java.test.smpMainTest.SMPAndroidLiveRewindPlayback"/>
  <testcase name="PlaybackStart" time="8.900" classname="main.java.test.smpMainTest.SMPAndroidLiveRewindPlayback"/>
  <testcase name="PlaybackContinues" time="108.692" classname="main.java.test.smpMainTest.SMPAndroidLiveRewindPlayback"/>
  <testcase name="LiveRewindplaybackresume" time="43.543" classname="main.java.test.smpMainTest.SMPAndroidLiveRewindPlayback"/>
  <testcase name="enableRDot_live" time="14.200" classname="main.java.test.smpMainTest.SMPAndroidLiveRewindPlayback"/>
  <testcase name="playbackseeking_backard_forward" time="29.693" classname="main.java.test.smpMainTest.SMPAndroidLiveRewindPlayback"/>
  <testcase name="seeking_randomly" time="58.713" classname="main.java.test.smpMainTest.SMPAndroidLiveRewindPlayback"/>
  <testcase name="OpenAvtest" time="0.850" classname="main.java.test.smpMainTest.SMPAndroidLiveRewindPlayback"/>
=======
<testsuite hostname="mc-s104436.local" name="main.java.test.smpMainTest.SMPAndroidLiveRewindPlayback" tests="8" failures="0" timestamp="17 May 2017 15:19:13 GMT" time="268.767" errors="0">
  <testcase name="playbackseeking_backard_forward" time="26.136" classname="main.java.test.smpMainTest.SMPAndroidLiveRewindPlayback"/>
  <testcase name="liveRewind_Assertions" time="7.009" classname="main.java.test.smpMainTest.SMPAndroidLiveRewindPlayback"/>
  <testcase name="LiveRewindplaybackresume" time="37.810" classname="main.java.test.smpMainTest.SMPAndroidLiveRewindPlayback"/>
  <testcase name="OpenAvtest" time="8.523" classname="main.java.test.smpMainTest.SMPAndroidLiveRewindPlayback"/>
  <testcase name="PlaybackStart" time="8.216" classname="main.java.test.smpMainTest.SMPAndroidLiveRewindPlayback"/>
  <testcase name="LiveRewindplaybackpause" time="7.046" classname="main.java.test.smpMainTest.SMPAndroidLiveRewindPlayback"/>
  <testcase name="seeking_randomly" time="51.616" classname="main.java.test.smpMainTest.SMPAndroidLiveRewindPlayback"/>
  <testcase name="PlaybackContinues" time="122.411" classname="main.java.test.smpMainTest.SMPAndroidLiveRewindPlayback"/>
>>>>>>> SMP-AN
=======
<testsuite hostname="mc-s104436.local" name="main.java.test.smpMainTest.SMPAndroidLiveRewindPlayback" tests="9" failures="0" timestamp="27 Jul 2017 10:26:36 GMT" time="1009.399" errors="0">
  <testcase name="seeking_randomly" time="49.626" classname="main.java.test.smpMainTest.SMPAndroidLiveRewindPlayback"/>
  <testcase name="LiveRewindplaybackpause" time="6.683" classname="main.java.test.smpMainTest.SMPAndroidLiveRewindPlayback"/>
  <testcase name="PlaybackStart" time="7.275" classname="main.java.test.smpMainTest.SMPAndroidLiveRewindPlayback"/>
  <testcase name="PlaybackContinues" time="107.933" classname="main.java.test.smpMainTest.SMPAndroidLiveRewindPlayback"/>
  <testcase name="playbackseeking_backard_forward" time="783.886" classname="main.java.test.smpMainTest.SMPAndroidLiveRewindPlayback"/>
  <testcase name="OpenAvtest" time="0.266" classname="main.java.test.smpMainTest.SMPAndroidLiveRewindPlayback"/>
  <testcase name="liveRewind_Assertions" time="4.503" classname="main.java.test.smpMainTest.SMPAndroidLiveRewindPlayback"/>
  <testcase name="enableRDot_live" time="16.445" classname="main.java.test.smpMainTest.SMPAndroidLiveRewindPlayback"/>
  <testcase name="LiveRewindplaybackresume" time="32.782" classname="main.java.test.smpMainTest.SMPAndroidLiveRewindPlayback"/>
>>>>>>> DRM-AN
</testsuite> <!-- main.java.test.smpMainTest.SMPAndroidLiveRewindPlayback -->
