<?xml version="1.0" encoding="UTF-8"?>
<!-- Generated by org.testng.reporters.JUnitReportReporter -->
<<<<<<< HEAD
<<<<<<< HEAD
<testsuite hostname="mc-s104436.local" name="main.java.test.smpMainTest.SMPAndroidOnDemandAudioPlayback" tests="10" failures="0" timestamp="26 Jun 2017 11:19:15 GMT" time="563.941" errors="0">
  <testcase name="openVpidBrowser" time="187.376" classname="main.java.test.smpMainTest.SMPAndroidOnDemandAudioPlayback"/>
  <testcase name="playbackseeking" time="55.857" classname="main.java.test.smpMainTest.SMPAndroidOnDemandAudioPlayback"/>
  <testcase name="audioPlaying" time="46.957" classname="main.java.test.smpMainTest.SMPAndroidOnDemandAudioPlayback"/>
  <testcase name="Playback_SeektoEnd" time="15.029" classname="main.java.test.smpMainTest.SMPAndroidOnDemandAudioPlayback"/>
  <testcase name="PlaybackRotation" time="21.495" classname="main.java.test.smpMainTest.SMPAndroidOnDemandAudioPlayback"/>
  <testcase name="CheckPlayback_retry" time="182.132" classname="main.java.test.smpMainTest.SMPAndroidOnDemandAudioPlayback"/>
  <testcase name="playback_resume" time="22.438" classname="main.java.test.smpMainTest.SMPAndroidOnDemandAudioPlayback"/>
  <testcase name="OpenAvtest" time="5.702" classname="main.java.test.smpMainTest.SMPAndroidOnDemandAudioPlayback"/>
  <testcase name="audioPlayback" time="16.167" classname="main.java.test.smpMainTest.SMPAndroidOnDemandAudioPlayback"/>
  <testcase name="playback_pause" time="10.788" classname="main.java.test.smpMainTest.SMPAndroidOnDemandAudioPlayback"/>
=======
<testsuite hostname="mc-s104436.local" name="main.java.test.smpMainTest.SMPAndroidOnDemandAudioPlayback" tests="10" failures="0" timestamp="17 May 2017 15:19:13 GMT" time="578.375" errors="0">
  <testcase name="playbackseeking" time="54.547" classname="main.java.test.smpMainTest.SMPAndroidOnDemandAudioPlayback"/>
  <testcase name="PlaybackRotation" time="18.632" classname="main.java.test.smpMainTest.SMPAndroidOnDemandAudioPlayback"/>
  <testcase name="audioPlaying" time="55.847" classname="main.java.test.smpMainTest.SMPAndroidOnDemandAudioPlayback"/>
  <testcase name="CheckPlayback_retry" time="181.519" classname="main.java.test.smpMainTest.SMPAndroidOnDemandAudioPlayback"/>
  <testcase name="Playback_SeektoEnd" time="14.352" classname="main.java.test.smpMainTest.SMPAndroidOnDemandAudioPlayback"/>
  <testcase name="audioPlayback" time="14.563" classname="main.java.test.smpMainTest.SMPAndroidOnDemandAudioPlayback"/>
  <testcase name="OpenAvtest" time="0.680" classname="main.java.test.smpMainTest.SMPAndroidOnDemandAudioPlayback"/>
  <testcase name="playback_pause" time="10.600" classname="main.java.test.smpMainTest.SMPAndroidOnDemandAudioPlayback"/>
  <testcase name="playback_resume" time="21.515" classname="main.java.test.smpMainTest.SMPAndroidOnDemandAudioPlayback"/>
  <testcase name="audioSelector" time="206.120" classname="main.java.test.smpMainTest.SMPAndroidOnDemandAudioPlayback"/>
>>>>>>> SMP-AN
=======
<testsuite hostname="mc-s104436.local" name="main.java.test.smpMainTest.SMPAndroidOnDemandAudioPlayback" tests="10" failures="0" timestamp="27 Jul 2017 09:59:42 GMT" time="429.959" errors="0">
  <testcase name="PlaybackRotation" time="14.771" classname="main.java.test.smpMainTest.SMPAndroidOnDemandAudioPlayback"/>
  <testcase name="Playback_SeektoEnd" time="13.213" classname="main.java.test.smpMainTest.SMPAndroidOnDemandAudioPlayback"/>
  <testcase name="audioPlayback" time="11.452" classname="main.java.test.smpMainTest.SMPAndroidOnDemandAudioPlayback"/>
  <testcase name="playbackseeking" time="47.200" classname="main.java.test.smpMainTest.SMPAndroidOnDemandAudioPlayback"/>
  <testcase name="CheckPlayback_retry" time="177.159" classname="main.java.test.smpMainTest.SMPAndroidOnDemandAudioPlayback"/>
  <testcase name="openVpidBrowser" time="76.924" classname="main.java.test.smpMainTest.SMPAndroidOnDemandAudioPlayback"/>
  <testcase name="OpenAvtest" time="8.893" classname="main.java.test.smpMainTest.SMPAndroidOnDemandAudioPlayback"/>
  <testcase name="audioPlaying" time="52.946" classname="main.java.test.smpMainTest.SMPAndroidOnDemandAudioPlayback"/>
  <testcase name="playback_resume" time="18.393" classname="main.java.test.smpMainTest.SMPAndroidOnDemandAudioPlayback"/>
  <testcase name="playback_pause" time="9.008" classname="main.java.test.smpMainTest.SMPAndroidOnDemandAudioPlayback"/>
>>>>>>> DRM-AN
</testsuite> <!-- main.java.test.smpMainTest.SMPAndroidOnDemandAudioPlayback -->
