<?xml version="1.0" encoding="UTF-8"?>
<!-- Generated by org.testng.reporters.JUnitReportReporter -->
<testsuite hostname="mc-s104436.local" name="main.java.test.DRMMainTests.iOSDRMTest"
	tests="7" failures="0" timestamp="2 Apr 2017 18:56:08 GMT" time="613.132"
	errors="0">
	<testcase name="DownloadProgress" time="278.573"
		classname="main.java.test.DRMMainTests.iOSDRMTest" />
	<testcase name="check_Vpid" time="33.762"
		classname="main.java.test.DRMMainTests.iOSDRMTest" />
	<testcase name="Delete_Downloaded" time="63.758"
		classname="main.java.test.DRMMainTests.iOSDRMTest" />
	<testcase name="downloads_VPIDS_Completed" time="36.231"
		classname="main.java.test.DRMMainTests.iOSDRMTest" />
	<testcase name="openDRMApp" time="0.590"
		classname="main.java.test.DRMMainTests.iOSDRMTest" />
	<testcase name="Playbackoffline" time="147.616"
		classname="main.java.test.DRMMainTests.iOSDRMTest" />
	<testcase name="vpid_Download" time="52.602"
		classname="main.java.test.DRMMainTests.iOSDRMTest" />
</testsuite> <!-- main.java.test.DRMMainTests.iOSDRMTest -->
