<?xml version="1.0" encoding="UTF-8"?>
<!-- Generated by org.testng.reporters.JUnitReportReporter -->
<testsuite hostname="mc-s104436.local" name="main.java.test.smpMainTest.SMPAndroidOnDemandVideoPlayback" tests="10" failures="0" timestamp="27 Jul 2017 09:59:42 GMT" time="340.594" errors="0">
  <testcase name="Playback_SeektoEnd" time="13.155" classname="main.java.test.smpMainTest.SMPAndroidOnDemandVideoPlayback"/>
  <testcase name="playbackseeking" time="50.070" classname="main.java.test.smpMainTest.SMPAndroidOnDemandVideoPlayback"/>
  <testcase name="vpideoPlayback" time="16.800" classname="main.java.test.smpMainTest.SMPAndroidOnDemandVideoPlayback"/>
  <testcase name="PlaybackRotation" time="15.795" classname="main.java.test.smpMainTest.SMPAndroidOnDemandVideoPlayback"/>
  <testcase name="OpenAvtest" time="9.841" classname="main.java.test.smpMainTest.SMPAndroidOnDemandVideoPlayback"/>
  <testcase name="openVpidBrowser" time="60.282" classname="main.java.test.smpMainTest.SMPAndroidOnDemandVideoPlayback"/>
  <testcase name="videoPlaying" time="53.069" classname="main.java.test.smpMainTest.SMPAndroidOnDemandVideoPlayback"/>
  <testcase name="playback_resume" time="27.314" classname="main.java.test.smpMainTest.SMPAndroidOnDemandVideoPlayback"/>
  <testcase name="Playback_retry" time="84.918" classname="main.java.test.smpMainTest.SMPAndroidOnDemandVideoPlayback"/>
  <testcase name="playback_pause" time="9.350" classname="main.java.test.smpMainTest.SMPAndroidOnDemandVideoPlayback"/>
</testsuite> <!-- main.java.test.smpMainTest.SMPAndroidOnDemandVideoPlayback -->
