<?xml version="1.0" encoding="UTF-8"?>
<!-- Generated by org.testng.reporters.JUnitReportReporter -->
<testsuite hostname="mc-s104436.local" name="main.java.test.smpMainTest.SMPiOSLiveSimulcastPlayback" tests="8" failures="0" timestamp="21 Jun 2017 09:16:46 GMT" time="151.680" errors="0">
  <testcase name="TurnWiFi_ON" time="67.812" classname="main.java.test.smpMainTest.SMPiOSLiveSimulcastPlayback"/>
  <testcase name="playback_ErrorMessage" time="16.467" classname="main.java.test.smpMainTest.SMPiOSLiveSimulcastPlayback"/>
  <testcase name="PlaybackStart" time="5.105" classname="main.java.test.smpMainTest.SMPiOSLiveSimulcastPlayback"/>
  <testcase name="ClosePlayback" time="3.525" classname="main.java.test.smpMainTest.SMPiOSLiveSimulcastPlayback"/>
  <testcase name="PlaybackRotation" time="13.989" classname="main.java.test.smpMainTest.SMPiOSLiveSimulcastPlayback"/>
  <testcase name="turnWifiOff" time="30.036" classname="main.java.test.smpMainTest.SMPiOSLiveSimulcastPlayback"/>
  <testcase name="OpenAvtest" time="6.474" classname="main.java.test.smpMainTest.SMPiOSLiveSimulcastPlayback"/>
  <testcase name="StopPlayback" time="8.272" classname="main.java.test.smpMainTest.SMPiOSLiveSimulcastPlayback"/>
</testsuite> <!-- main.java.test.smpMainTest.SMPiOSLiveSimulcastPlayback -->
