<?xml version="1.0" encoding="UTF-8"?>
<!-- Generated by org.testng.reporters.JUnitReportReporter -->
<testsuite hostname="mc-s104436.local" name="main.java.test.smpMainTest.ScrollingExample" tests="2" failures="0" timestamp="15 May 2017 16:01:16 GMT" time="4.056" errors="0">
  <testcase name="getAllDetails" time="4.049" classname="main.java.test.smpMainTest.ScrollingExample"/>
  <testcase name="SelectItem" time="0.007" classname="main.java.test.smpMainTest.ScrollingExample"/>
</testsuite> <!-- main.java.test.smpMainTest.ScrollingExample -->
