<?xml version="1.0" encoding="UTF-8"?>
<!-- Generated by org.testng.reporters.JUnitReportReporter -->
<testsuite hostname="mc-s104436.local" name="main.java.test.smpMainTest.SMPAndroidLiveRewindPlayback" tests="9" failures="0" timestamp="27 Jul 2017 10:26:36 GMT" time="1009.399" errors="0">
  <testcase name="seeking_randomly" time="49.626" classname="main.java.test.smpMainTest.SMPAndroidLiveRewindPlayback"/>
  <testcase name="LiveRewindplaybackpause" time="6.683" classname="main.java.test.smpMainTest.SMPAndroidLiveRewindPlayback"/>
  <testcase name="PlaybackStart" time="7.275" classname="main.java.test.smpMainTest.SMPAndroidLiveRewindPlayback"/>
  <testcase name="PlaybackContinues" time="107.933" classname="main.java.test.smpMainTest.SMPAndroidLiveRewindPlayback"/>
  <testcase name="playbackseeking_backard_forward" time="783.886" classname="main.java.test.smpMainTest.SMPAndroidLiveRewindPlayback"/>
  <testcase name="OpenAvtest" time="0.266" classname="main.java.test.smpMainTest.SMPAndroidLiveRewindPlayback"/>
  <testcase name="liveRewind_Assertions" time="4.503" classname="main.java.test.smpMainTest.SMPAndroidLiveRewindPlayback"/>
  <testcase name="enableRDot_live" time="16.445" classname="main.java.test.smpMainTest.SMPAndroidLiveRewindPlayback"/>
  <testcase name="LiveRewindplaybackresume" time="32.782" classname="main.java.test.smpMainTest.SMPAndroidLiveRewindPlayback"/>
</testsuite> <!-- main.java.test.smpMainTest.SMPAndroidLiveRewindPlayback -->
