<?xml version="1.0" encoding="UTF-8"?>
<!-- Generated by org.testng.reporters.JUnitReportReporter -->
<testsuite hostname="mc-s104436.local" name="main.java.test.smpMainTest.SMPiOSLiveSimulcastPlayback" tests="8" failures="0" timestamp="31 May 2017 10:51:23 GMT" time="133.265" errors="0">
  <testcase name="ClosePlayback" time="4.583" classname="main.java.test.smpMainTest.SMPiOSLiveSimulcastPlayback"/>
  <testcase name="TurnWiFi_ON" time="43.745" classname="main.java.test.smpMainTest.SMPiOSLiveSimulcastPlayback"/>
  <testcase name="playback_ErrorMessage" time="18.258" classname="main.java.test.smpMainTest.SMPiOSLiveSimulcastPlayback"/>
  <testcase name="PlaybackStart" time="5.542" classname="main.java.test.smpMainTest.SMPiOSLiveSimulcastPlayback"/>
  <testcase name="StopPlayback" time="9.375" classname="main.java.test.smpMainTest.SMPiOSLiveSimulcastPlayback"/>
  <testcase name="OpenAvtest" time="10.195" classname="main.java.test.smpMainTest.SMPiOSLiveSimulcastPlayback"/>
  <testcase name="turnWifiOff" time="28.987" classname="main.java.test.smpMainTest.SMPiOSLiveSimulcastPlayback"/>
  <testcase name="PlaybackRotation" time="12.580" classname="main.java.test.smpMainTest.SMPiOSLiveSimulcastPlayback"/>
</testsuite> <!-- main.java.test.smpMainTest.SMPiOSLiveSimulcastPlayback -->
