<?xml version="1.0" encoding="UTF-8"?>
<!-- Generated by org.testng.reporters.JUnitReportReporter -->
<testsuite hostname="mc-s104436.local" name="main.java.test.smpMainTest.SMPAndroidOnDemandAudioPlayback" tests="10" failures="0" timestamp="17 May 2017 15:19:13 GMT" time="578.375" errors="0">
  <testcase name="playbackseeking" time="54.547" classname="main.java.test.smpMainTest.SMPAndroidOnDemandAudioPlayback"/>
  <testcase name="PlaybackRotation" time="18.632" classname="main.java.test.smpMainTest.SMPAndroidOnDemandAudioPlayback"/>
  <testcase name="audioPlaying" time="55.847" classname="main.java.test.smpMainTest.SMPAndroidOnDemandAudioPlayback"/>
  <testcase name="CheckPlayback_retry" time="181.519" classname="main.java.test.smpMainTest.SMPAndroidOnDemandAudioPlayback"/>
  <testcase name="Playback_SeektoEnd" time="14.352" classname="main.java.test.smpMainTest.SMPAndroidOnDemandAudioPlayback"/>
  <testcase name="audioPlayback" time="14.563" classname="main.java.test.smpMainTest.SMPAndroidOnDemandAudioPlayback"/>
  <testcase name="OpenAvtest" time="0.680" classname="main.java.test.smpMainTest.SMPAndroidOnDemandAudioPlayback"/>
  <testcase name="playback_pause" time="10.600" classname="main.java.test.smpMainTest.SMPAndroidOnDemandAudioPlayback"/>
  <testcase name="playback_resume" time="21.515" classname="main.java.test.smpMainTest.SMPAndroidOnDemandAudioPlayback"/>
  <testcase name="audioSelector" time="206.120" classname="main.java.test.smpMainTest.SMPAndroidOnDemandAudioPlayback"/>
</testsuite> <!-- main.java.test.smpMainTest.SMPAndroidOnDemandAudioPlayback -->
