<?xml version="1.0" encoding="UTF-8"?>
<!-- Generated by org.testng.reporters.JUnitReportReporter -->
<testsuite hostname="mc-s104436.local" name="main.java.test.smpMainTest.SMPAndroidOnDemandVideoPlayback" tests="10" failures="0" timestamp="26 Jun 2017 11:05:59 GMT" time="495.083" errors="0">
  <testcase name="Playback_retry" time="101.889" classname="main.java.test.smpMainTest.SMPAndroidOnDemandVideoPlayback"/>
  <testcase name="playback_resume" time="34.838" classname="main.java.test.smpMainTest.SMPAndroidOnDemandVideoPlayback"/>
  <testcase name="vpideoPlayback" time="20.696" classname="main.java.test.smpMainTest.SMPAndroidOnDemandVideoPlayback"/>
  <testcase name="openVpidBrowser" time="153.623" classname="main.java.test.smpMainTest.SMPAndroidOnDemandVideoPlayback"/>
  <testcase name="PlaybackRotation" time="25.212" classname="main.java.test.smpMainTest.SMPAndroidOnDemandVideoPlayback"/>
  <testcase name="playbackseeking" time="61.502" classname="main.java.test.smpMainTest.SMPAndroidOnDemandVideoPlayback"/>
  <testcase name="videoPlaying" time="65.419" classname="main.java.test.smpMainTest.SMPAndroidOnDemandVideoPlayback"/>
  <testcase name="Playback_SeektoEnd" time="15.682" classname="main.java.test.smpMainTest.SMPAndroidOnDemandVideoPlayback"/>
  <testcase name="OpenAvtest" time="5.486" classname="main.java.test.smpMainTest.SMPAndroidOnDemandVideoPlayback"/>
  <testcase name="playback_pause" time="10.736" classname="main.java.test.smpMainTest.SMPAndroidOnDemandVideoPlayback"/>
</testsuite> <!-- main.java.test.smpMainTest.SMPAndroidOnDemandVideoPlayback -->
