<?xml version="1.0" encoding="UTF-8"?>
<!-- Generated by org.testng.reporters.JUnitReportReporter -->
<testsuite hostname="mc-s104436.local" name="SMPANPUMA.PUMATest.Android_PumaTests" tests="10" failures="0" timestamp="9 Aug 2017 15:08:18 GMT" time="387.644" errors="0">
  <testcase name="OpenAvtest" time="0.340" classname="SMPANPUMA.PUMATest.Android_PumaTests"/>
  <testcase name="CheckingPlayback_AOD" time="50.015" classname="SMPANPUMA.PUMATest.Android_PumaTests"/>
  <testcase name="Play_VideoOnDemand" time="162.228" classname="SMPANPUMA.PUMATest.Android_PumaTests"/>
  <testcase name="Play_AudioOnDemand" time="52.882" classname="SMPANPUMA.PUMATest.Android_PumaTests"/>
  <testcase name="TurningSubtilte_ON" time="1.466" classname="SMPANPUMA.PUMATest.Android_PumaTests"/>
  <testcase name="getDeviceDetails" time="0.000" classname="SMPANPUMA.PUMATest.Android_PumaTests"/>
  <testcase name="Pause_VideoOnDemand" time="21.967" classname="SMPANPUMA.PUMATest.Android_PumaTests"/>
  <testcase name="CheckingPlayback_VOD" time="62.549" classname="SMPANPUMA.PUMATest.Android_PumaTests"/>
  <testcase name="Pause_AudiooOnDemand" time="21.427" classname="SMPANPUMA.PUMATest.Android_PumaTests"/>
  <testcase name="setUp" time="14.770" classname="SMPANPUMA.PUMATest.Android_PumaTests"/>
</testsuite> <!-- SMPANPUMA.PUMATest.Android_PumaTests -->
